<?xml version="1.0" encoding="UTF-8" ?>
<testsuite tests="8" failures="0" name="de.hrw.wi.persistence.DatabaseReadInterfaceTest" time="0.475" errors="0" skipped="0">
  <properties>
[...]
</properties>
  <testcase classname="de.hrw.wi.persistence.DatabaseReadInterfaceTest" name="testSizeOfProduct" time="0.308"/>
  <testcase classname="de.hrw.wi.persistence.DatabaseReadInterfaceTest" name="testMaxSizeOfBins" time="0.007"/>
  <testcase classname="de.hrw.wi.persistence.DatabaseReadInterfaceTest" name="testMaxAmountOfBins" time="0.02"/>
  <testcase classname="de.hrw.wi.persistence.DatabaseReadInterfaceTest" name="testGetAllWarehouses" time="0.019"/>
  <testcase classname="de.hrw.wi.persistence.DatabaseReadInterfaceTest" name="testGetNameOfProduct" time="0.021"/>
  <testcase classname="de.hrw.wi.persistence.DatabaseReadInterfaceTest" name="testArticleCodeForBin" time="0.059"/>
  <testcase classname="de.hrw.wi.persistence.DatabaseReadInterfaceTest" name="testAmountForBin" time="0.039"/>
  <testcase classname="de.hrw.wi.persistence.DatabaseReadInterfaceTest" name="testGetAllProducts" time="0.002"/>
</testsuite>